<?xml version="1.0" encoding="UTF-8"?>
<testsuite xmlns:xsi="http://www.w3.org/2001/XMLSchema-instance" xsi:noNamespaceSchemaLocation="https://maven.apache.org/surefire/maven-surefire-plugin/xsd/surefire-test-report.xsd" name="com.xinmu.XinmuSpringBootStarterAutoconfigureApplicationTests" time="0.247" tests="1" errors="1" skipped="0" failures="0">
  <properties>
[...]
</properties>
  <testcase name="com.xinmu.XinmuSpringBootStarterAutoconfigureApplicationTests" classname="com.xinmu.XinmuSpringBootStarterAutoconfigureApplicationTests" time="0.246">
    <error message="Unable to find a @SpringBootConfiguration, you need to use @ContextConfiguration or @SpringBootTest(classes=...) with your test" type="java.lang.IllegalStateException">java.lang.IllegalStateException: Unable to find a @SpringBootConfiguration, you need to use @ContextConfiguration or @SpringBootTest(classes=...) with your test
</error>
    <system-out><![CDATA[16:44:26.772 [main] DEBUG org.springframework.test.context.BootstrapUtils - Instantiating CacheAwareContextLoaderDelegate from class [org.springframework.test.context.cache.DefaultCacheAwareContextLoaderDelegate]
16:44:26.783 [main] DEBUG org.springframework.test.context.BootstrapUtils - Instantiating BootstrapContext using constructor [public org.springframework.test.context.support.DefaultBootstrapContext(java.lang.Class,org.springframework.test.context.CacheAwareContextLoaderDelegate)]
16:44:26.820 [main] DEBUG org.springframework.test.context.BootstrapUtils - Instantiating TestContextBootstrapper for test class [com.xinmu.XinmuSpringBootStarterAutoconfigureApplicationTests] from class [org.springframework.boot.test.context.SpringBootTestContextBootstrapper]
16:44:26.832 [main] INFO org.springframework.boot.test.context.SpringBootTestContextBootstrapper - Neither @ContextConfiguration nor @ContextHierarchy found for test class [com.xinmu.XinmuSpringBootStarterAutoconfigureApplicationTests], using SpringBootContextLoader
16:44:26.836 [main] DEBUG org.springframework.test.context.support.AbstractContextLoader - Did not detect default resource location for test class [com.xinmu.XinmuSpringBootStarterAutoconfigureApplicationTests]: class path resource [com/xinmu/XinmuSpringBootStarterAutoconfigureApplicationTests-context.xml] does not exist
16:44:26.837 [main] DEBUG org.springframework.test.context.support.AbstractContextLoader - Did not detect default resource location for test class [com.xinmu.XinmuSpringBootStarterAutoconfigureApplicationTests]: class path resource [com/xinmu/XinmuSpringBootStarterAutoconfigureApplicationTestsContext.groovy] does not exist
16:44:26.837 [main] INFO org.springframework.test.context.support.AbstractContextLoader - Could not detect default resource locations for test class [com.xinmu.XinmuSpringBootStarterAutoconfigureApplicationTests]: no resource found for suffixes {-context.xml, Context.groovy}.
16:44:26.837 [main] INFO org.springframework.test.context.support.AnnotationConfigContextLoaderUtils - Could not detect default configuration classes for test class [com.xinmu.XinmuSpringBootStarterAutoconfigureApplicationTests]: XinmuSpringBootStarterAutoconfigureApplicationTests does not declare any static, non-private, non-final, nested classes annotated with @Configuration.
16:44:26.883 [main] DEBUG org.springframework.test.context.support.ActiveProfilesUtils - Could not find an 'annotation declaring class' for annotation type [org.springframework.test.context.ActiveProfiles] and class [com.xinmu.XinmuSpringBootStarterAutoconfigureApplicationTests]
]]></system-out>
  </testcase>
</testsuite>